# JRE version: OpenJDK Runtime Environment (8.0_152-b02) (build 1.8.0_152-release-1024-b02)
# Java VM: OpenJDK 64-Bit Server VM (25.152-b02 mixed mode windows-amd64 compressed oops)
Heap:
 PSYoungGen      total 159744K, used 85880K [0x00000000e0000000, 0x00000000ee300000, 0x0000000100000000)
  eden space 144384K, 48% used [0x00000000e0000000,0x00000000e44e02a0,0x00000000e8d00000)
  from space 15360K, 99% used [0x00000000e8d00000,0x00000000e9bfdd90,0x00000000e9c00000)
  to   space 18432K, 0% used [0x00000000ed100000,0x00000000ed100000,0x00000000ee300000)
 ParOldGen       total 90112K, used 19507K [0x00000000a0000000, 0x00000000a5800000, 0x00000000e0000000)
  object space 90112K, 21% used [0x00000000a0000000,0x00000000a130cf10,0x00000000a5800000)
 Metaspace       used 51430K, capacity 53130K, committed 53464K, reserved 1095680K
  class space    used 7077K, capacity 7515K, committed 7640K, reserved 1048576K
GC Heap History (10 events):
Event: 7.445 GC heap before
{Heap before GC invocations=5 (full 1):
 PSYoungGen      total 101888K, used 3556K [0x00000000e0000000, 0x00000000e6700000, 0x0000000100000000)
  eden space 98304K, 0% used [0x00000000e0000000,0x00000000e0000000,0x00000000e6000000)
  from space 3584K, 99% used [0x00000000e6380000,0x00000000e66f9060,0x00000000e6700000)
  to   space 3584K, 0% used [0x00000000e6000000,0x00000000e6000000,0x00000000e6380000)
 ParOldGen       total 64512K, used 12012K [0x00000000a0000000, 0x00000000a3f00000, 0x00000000e0000000)
  object space 64512K, 18% used [0x00000000a0000000,0x00000000a0bbb210,0x00000000a3f00000)
 Metaspace       used 20847K, capacity 21232K, committed 21248K, reserved 1067008K
  class space    used 2918K, capacity 3071K, committed 3072K, reserved 1048576K
Event: 7.532 GC heap after
Heap after GC invocations=5 (full 1):
 PSYoungGen      total 101888K, used 0K [0x00000000e0000000, 0x00000000e6700000, 0x0000000100000000)
  eden space 98304K, 0% used [0x00000000e0000000,0x00000000e0000000,0x00000000e6000000)
  from space 3584K, 0% used [0x00000000e6380000,0x00000000e6380000,0x00000000e6700000)
  to   space 3584K, 0% used [0x00000000e6000000,0x00000000e6000000,0x00000000e6380000)
 ParOldGen       total 56832K, used 10801K [0x00000000a0000000, 0x00000000a3780000, 0x00000000e0000000)
  object space 56832K, 19% used [0x00000000a0000000,0x00000000a0a8c788,0x00000000a3780000)
 Metaspace       used 20847K, capacity 21232K, committed 21248K, reserved 1067008K
  class space    used 2918K, capacity 3071K, committed 3072K, reserved 1048576K
}
Event: 11.026 GC heap before
{Heap before GC invocations=6 (full 1):
 PSYoungGen      total 101888K, used 98304K [0x00000000e0000000, 0x00000000e6700000, 0x0000000100000000)
  eden space 98304K, 100% used [0x00000000e0000000,0x00000000e6000000,0x00000000e6000000)
  from space 3584K, 0% used [0x00000000e6380000,0x00000000e6380000,0x00000000e6700000)
  to   space 3584K, 0% used [0x00000000e6000000,0x00000000e6000000,0x00000000e6380000)
 ParOldGen       total 56832K, used 10801K [0x00000000a0000000, 0x00000000a3780000, 0x00000000e0000000)
  object space 56832K, 19% used [0x00000000a0000000,0x00000000a0a8c788,0x00000000a3780000)
 Metaspace       used 28479K, capacity 29144K, committed 29312K, reserved 1075200K
  class space    used 3965K, capacity 4142K, committed 4224K, reserved 1048576K
Event: 11.054 GC heap after
Heap after GC invocations=6 (full 1):
 PSYoungGen      total 101888K, used 3584K [0x00000000e0000000, 0x00000000eaa00000, 0x0000000100000000)
  eden space 98304K, 0% used [0x00000000e0000000,0x00000000e0000000,0x00000000e6000000)
  from space 3584K, 100% used [0x00000000e6000000,0x00000000e6380000,0x00000000e6380000)
  to   space 14336K, 0% used [0x00000000e9c00000,0x00000000e9c00000,0x00000000eaa00000)
 ParOldGen       total 56832K, used 17800K [0x00000000a0000000, 0x00000000a3780000, 0x00000000e0000000)
  object space 56832K, 31% used [0x00000000a0000000,0x00000000a11623a8,0x00000000a3780000)
 Metaspace       used 28479K, capacity 29144K, committed 29312K, reserved 1075200K
  class space    used 3965K, capacity 4142K, committed 4224K, reserved 1048576K
}
Event: 13.581 GC heap before
{Heap before GC invocations=7 (full 1):
 PSYoungGen      total 101888K, used 71009K [0x00000000e0000000, 0x00000000eaa00000, 0x0000000100000000)
  eden space 98304K, 68% used [0x00000000e0000000,0x00000000e41d87e0,0x00000000e6000000)
  from space 3584K, 100% used [0x00000000e6000000,0x00000000e6380000,0x00000000e6380000)
  to   space 14336K, 0% used [0x00000000e9c00000,0x00000000e9c00000,0x00000000eaa00000)
 ParOldGen       total 56832K, used 17800K [0x00000000a0000000, 0x00000000a3780000, 0x00000000e0000000)
  object space 56832K, 31% used [0x00000000a0000000,0x00000000a11623a8,0x00000000a3780000)
 Metaspace       used 34471K, capacity 35268K, committed 35416K, reserved 1079296K
  class space    used 4834K, capacity 5123K, committed 5208K, reserved 1048576K
Event: 13.612 GC heap after
Heap after GC invocations=7 (full 1):
 PSYoungGen      total 158720K, used 10902K [0x00000000e0000000, 0x00000000ead00000, 0x0000000100000000)
  eden space 144384K, 0% used [0x00000000e0000000,0x00000000e0000000,0x00000000e8d00000)
  from space 14336K, 76% used [0x00000000e9c00000,0x00000000ea6a5988,0x00000000eaa00000)
  to   space 15360K, 0% used [0x00000000e8d00000,0x00000000e8d00000,0x00000000e9c00000)
 ParOldGen       total 56832K, used 17808K [0x00000000a0000000, 0x00000000a3780000, 0x00000000e0000000)
  object space 56832K, 31% used [0x00000000a0000000,0x00000000a11643a8,0x00000000a3780000)
 Metaspace       used 34471K, capacity 35268K, committed 35416K, reserved 1079296K
  class space    used 4834K, capacity 5123K, committed 5208K, reserved 1048576K
}
Event: 13.612 GC heap before
{Heap before GC invocations=8 (full 2):
 PSYoungGen      total 158720K, used 10902K [0x00000000e0000000, 0x00000000ead00000, 0x0000000100000000)
  eden space 144384K, 0% used [0x00000000e0000000,0x00000000e0000000,0x00000000e8d00000)
  from space 14336K, 76% used [0x00000000e9c00000,0x00000000ea6a5988,0x00000000eaa00000)
  to   space 15360K, 0% used [0x00000000e8d00000,0x00000000e8d00000,0x00000000e9c00000)
 ParOldGen       total 56832K, used 17808K [0x00000000a0000000, 0x00000000a3780000, 0x00000000e0000000)
  object space 56832K, 31% used [0x00000000a0000000,0x00000000a11643a8,0x00000000a3780000)
 Metaspace       used 34471K, capacity 35268K, committed 35416K, reserved 1079296K
  class space    used 4834K, capacity 5123K, committed 5208K, reserved 1048576K
Event: 13.784 GC heap after
Heap after GC invocations=8 (full 2):
 PSYoungGen      total 158720K, used 0K [0x00000000e0000000, 0x00000000ead00000, 0x0000000100000000)
  eden space 144384K, 0% used [0x00000000e0000000,0x00000000e0000000,0x00000000e8d00000)
  from space 14336K, 0% used [0x00000000e9c00000,0x00000000e9c00000,0x00000000eaa00000)
  to   space 15360K, 0% used [0x00000000e8d00000,0x00000000e8d00000,0x00000000e9c00000)
 ParOldGen       total 90112K, used 18728K [0x00000000a0000000, 0x00000000a5800000, 0x00000000e0000000)
  object space 90112K, 20% used [0x00000000a0000000,0x00000000a124a370,0x00000000a5800000)
 Metaspace       used 34471K, capacity 35268K, committed 35416K, reserved 1079296K
  class space    used 4834K, capacity 5123K, committed 5208K, reserved 1048576K
}
Event: 17.825 GC heap before
{Heap before GC invocations=9 (full 2):
 PSYoungGen      total 158720K, used 144384K [0x00000000e0000000, 0x00000000ead00000, 0x0000000100000000)
  eden space 144384K, 100% used [0x00000000e0000000,0x00000000e8d00000,0x00000000e8d00000)
  from space 14336K, 0% used [0x00000000e9c00000,0x00000000e9c00000,0x00000000eaa00000)
  to   space 15360K, 0% used [0x00000000e8d00000,0x00000000e8d00000,0x00000000e9c00000)
 ParOldGen       total 90112K, used 18728K [0x00000000a0000000, 0x00000000a5800000, 0x00000000e0000000)
  object space 90112K, 20% used [0x00000000a0000000,0x00000000a124a370,0x00000000a5800000)
 Metaspace       used 46818K, capacity 47864K, committed 47960K, reserved 1091584K
  class space    used 6410K, capacity 6728K, committed 6744K, reserved 1048576K
Event: 17.866 GC heap after
Heap after GC invocations=9 (full 2):
 PSYoungGen      total 159744K, used 15351K [0x00000000e0000000, 0x00000000ee300000, 0x0000000100000000)
  eden space 144384K, 0% used [0x00000000e0000000,0x00000000e0000000,0x00000000e8d00000)
  from space 15360K, 99% used [0x00000000e8d00000,0x00000000e9bfdd90,0x00000000e9c00000)
  to   space 18432K, 0% used [0x00000000ed100000,0x00000000ed100000,0x00000000ee300000)
 ParOldGen       total 90112K, used 19507K [0x00000000a0000000, 0x00000000a5800000, 0x00000000e0000000)
  object space 90112K, 21% used [0x00000000a0000000,0x00000000a130cf10,0x00000000a5800000)
 Metaspace       used 46818K, capacity 47864K, committed 47960K, reserved 1091584K
  class space    used 6410K, capacity 6728K, committed 6744K, reserved 1048576K
}

