# JRE version: OpenJDK Runtime Environment (8.0_152-b02) (build 1.8.0_152-release-1024-b02)
# Java VM: OpenJDK 64-Bit Server VM (25.152-b02 mixed mode windows-amd64 compressed oops)
Heap:
 PSYoungGen      total 184832K, used 59776K [0x00000000e0000000, 0x00000000ec800000, 0x0000000100000000)
  eden space 168448K, 35% used [0x00000000e0000000,0x00000000e3a60010,0x00000000ea480000)
  from space 16384K, 0% used [0x00000000eb480000,0x00000000eb480000,0x00000000ec480000)
  to   space 16384K, 0% used [0x00000000ea480000,0x00000000ea480000,0x00000000eb480000)
 ParOldGen       total 75264K, used 43897K [0x00000000a0000000, 0x00000000a4980000, 0x00000000e0000000)
  object space 75264K, 58% used [0x00000000a0000000,0x00000000a2ade708,0x00000000a4980000)
 Metaspace       used 59664K, capacity 61844K, committed 61952K, reserved 1101824K
  class space    used 8063K, capacity 8637K, committed 8704K, reserved 1048576K
GC Heap History (10 events):
Event: 17.558 GC heap before
{Heap before GC invocations=13 (full 2):
 PSYoungGen      total 109568K, used 107074K [0x00000000e0000000, 0x00000000e7800000, 0x0000000100000000)
  eden space 99328K, 100% used [0x00000000e0000000,0x00000000e6100000,0x00000000e6100000)
  from space 10240K, 75% used [0x00000000e6e00000,0x00000000e7590bb0,0x00000000e7800000)
  to   space 11776K, 0% used [0x00000000e6100000,0x00000000e6100000,0x00000000e6c80000)
 ParOldGen       total 75264K, used 18892K [0x00000000a0000000, 0x00000000a4980000, 0x00000000e0000000)
  object space 75264K, 25% used [0x00000000a0000000,0x00000000a12733f8,0x00000000a4980000)
 Metaspace       used 48747K, capacity 50032K, committed 50176K, reserved 1091584K
  class space    used 6651K, capacity 7054K, committed 7168K, reserved 1048576K
Event: 17.601 GC heap after
Heap after GC invocations=13 (full 2):
 PSYoungGen      total 111104K, used 11760K [0x00000000e0000000, 0x00000000e9c00000, 0x0000000100000000)
  eden space 99328K, 0% used [0x00000000e0000000,0x00000000e0000000,0x00000000e6100000)
  from space 11776K, 99% used [0x00000000e6100000,0x00000000e6c7c3b8,0x00000000e6c80000)
  to   space 14848K, 0% used [0x00000000e8d80000,0x00000000e8d80000,0x00000000e9c00000)
 ParOldGen       total 75264K, used 22823K [0x00000000a0000000, 0x00000000a4980000, 0x00000000e0000000)
  object space 75264K, 30% used [0x00000000a0000000,0x00000000a1649d28,0x00000000a4980000)
 Metaspace       used 48747K, capacity 50032K, committed 50176K, reserved 1091584K
  class space    used 6651K, capacity 7054K, committed 7168K, reserved 1048576K
}
Event: 21.597 GC heap before
{Heap before GC invocations=14 (full 2):
 PSYoungGen      total 111104K, used 111088K [0x00000000e0000000, 0x00000000e9c00000, 0x0000000100000000)
  eden space 99328K, 100% used [0x00000000e0000000,0x00000000e6100000,0x00000000e6100000)
  from space 11776K, 99% used [0x00000000e6100000,0x00000000e6c7c3b8,0x00000000e6c80000)
  to   space 14848K, 0% used [0x00000000e8d80000,0x00000000e8d80000,0x00000000e9c00000)
 ParOldGen       total 75264K, used 22823K [0x00000000a0000000, 0x00000000a4980000, 0x00000000e0000000)
  object space 75264K, 30% used [0x00000000a0000000,0x00000000a1649d28,0x00000000a4980000)
 Metaspace       used 53956K, capacity 55676K, committed 55808K, reserved 1097728K
  class space    used 7470K, capacity 7923K, committed 7936K, reserved 1048576K
Event: 21.641 GC heap after
Heap after GC invocations=14 (full 2):
 PSYoungGen      total 143872K, used 10538K [0x00000000e0000000, 0x00000000e9c00000, 0x0000000100000000)
  eden space 129024K, 0% used [0x00000000e0000000,0x00000000e0000000,0x00000000e7e00000)
  from space 14848K, 70% used [0x00000000e8d80000,0x00000000e97ca880,0x00000000e9c00000)
  to   space 15360K, 0% used [0x00000000e7e00000,0x00000000e7e00000,0x00000000e8d00000)
 ParOldGen       total 75264K, used 32504K [0x00000000a0000000, 0x00000000a4980000, 0x00000000e0000000)
  object space 75264K, 43% used [0x00000000a0000000,0x00000000a1fbe158,0x00000000a4980000)
 Metaspace       used 53956K, capacity 55676K, committed 55808K, reserved 1097728K
  class space    used 7470K, capacity 7923K, committed 7936K, reserved 1048576K
}
Event: 26.856 GC heap before
{Heap before GC invocations=15 (full 2):
 PSYoungGen      total 143872K, used 139562K [0x00000000e0000000, 0x00000000e9c00000, 0x0000000100000000)
  eden space 129024K, 100% used [0x00000000e0000000,0x00000000e7e00000,0x00000000e7e00000)
  from space 14848K, 70% used [0x00000000e8d80000,0x00000000e97ca880,0x00000000e9c00000)
  to   space 15360K, 0% used [0x00000000e7e00000,0x00000000e7e00000,0x00000000e8d00000)
 ParOldGen       total 75264K, used 32504K [0x00000000a0000000, 0x00000000a4980000, 0x00000000e0000000)
  object space 75264K, 43% used [0x00000000a0000000,0x00000000a1fbe158,0x00000000a4980000)
 Metaspace       used 55664K, capacity 57414K, committed 57600K, reserved 1099776K
  class space    used 7650K, capacity 8154K, committed 8192K, reserved 1048576K
Event: 26.944 GC heap after
Heap after GC invocations=15 (full 2):
 PSYoungGen      total 144384K, used 12348K [0x00000000e0000000, 0x00000000ec480000, 0x0000000100000000)
  eden space 129024K, 0% used [0x00000000e0000000,0x00000000e0000000,0x00000000e7e00000)
  from space 15360K, 80% used [0x00000000e7e00000,0x00000000e8a0f170,0x00000000e8d00000)
  to   space 16384K, 0% used [0x00000000eb480000,0x00000000eb480000,0x00000000ec480000)
 ParOldGen       total 75264K, used 40030K [0x00000000a0000000, 0x00000000a4980000, 0x00000000e0000000)
  object space 75264K, 53% used [0x00000000a0000000,0x00000000a27179e8,0x00000000a4980000)
 Metaspace       used 55664K, capacity 57414K, committed 57600K, reserved 1099776K
  class space    used 7650K, capacity 8154K, committed 8192K, reserved 1048576K
}
Event: 28.233 GC heap before
{Heap before GC invocations=16 (full 2):
 PSYoungGen      total 144384K, used 35915K [0x00000000e0000000, 0x00000000ec480000, 0x0000000100000000)
  eden space 129024K, 18% used [0x00000000e0000000,0x00000000e1703d50,0x00000000e7e00000)
  from space 15360K, 80% used [0x00000000e7e00000,0x00000000e8a0f170,0x00000000e8d00000)
  to   space 16384K, 0% used [0x00000000eb480000,0x00000000eb480000,0x00000000ec480000)
 ParOldGen       total 75264K, used 40030K [0x00000000a0000000, 0x00000000a4980000, 0x00000000e0000000)
  object space 75264K, 53% used [0x00000000a0000000,0x00000000a27179e8,0x00000000a4980000)
 Metaspace       used 56886K, capacity 58916K, committed 59028K, reserved 1099776K
  class space    used 7789K, capacity 8341K, committed 8448K, reserved 1048576K
Event: 28.269 GC heap after
Heap after GC invocations=16 (full 2):
 PSYoungGen      total 184832K, used 1794K [0x00000000e0000000, 0x00000000ec800000, 0x0000000100000000)
  eden space 168448K, 0% used [0x00000000e0000000,0x00000000e0000000,0x00000000ea480000)
  from space 16384K, 10% used [0x00000000eb480000,0x00000000eb640808,0x00000000ec480000)
  to   space 16384K, 0% used [0x00000000ea480000,0x00000000ea480000,0x00000000eb480000)
 ParOldGen       total 75264K, used 51554K [0x00000000a0000000, 0x00000000a4980000, 0x00000000e0000000)
  object space 75264K, 68% used [0x00000000a0000000,0x00000000a3258a98,0x00000000a4980000)
 Metaspace       used 56886K, capacity 58916K, committed 59028K, reserved 1099776K
  class space    used 7789K, capacity 8341K, committed 8448K, reserved 1048576K
}
Event: 28.270 GC heap before
{Heap before GC invocations=17 (full 3):
 PSYoungGen      total 184832K, used 1794K [0x00000000e0000000, 0x00000000ec800000, 0x0000000100000000)
  eden space 168448K, 0% used [0x00000000e0000000,0x00000000e0000000,0x00000000ea480000)
  from space 16384K, 10% used [0x00000000eb480000,0x00000000eb640808,0x00000000ec480000)
  to   space 16384K, 0% used [0x00000000ea480000,0x00000000ea480000,0x00000000eb480000)
 ParOldGen       total 75264K, used 51554K [0x00000000a0000000, 0x00000000a4980000, 0x00000000e0000000)
  object space 75264K, 68% used [0x00000000a0000000,0x00000000a3258a98,0x00000000a4980000)
 Metaspace       used 56886K, capacity 58916K, committed 59028K, reserved 1099776K
  class space    used 7789K, capacity 8341K, committed 8448K, reserved 1048576K
Event: 28.790 GC heap after
Heap after GC invocations=17 (full 3):
 PSYoungGen      total 184832K, used 0K [0x00000000e0000000, 0x00000000ec800000, 0x0000000100000000)
  eden space 168448K, 0% used [0x00000000e0000000,0x00000000e0000000,0x00000000ea480000)
  from space 16384K, 0% used [0x00000000eb480000,0x00000000eb480000,0x00000000ec480000)
  to   space 16384K, 0% used [0x00000000ea480000,0x00000000ea480000,0x00000000eb480000)
 ParOldGen       total 75264K, used 43897K [0x00000000a0000000, 0x00000000a4980000, 0x00000000e0000000)
  object space 75264K, 58% used [0x00000000a0000000,0x00000000a2ade708,0x00000000a4980000)
 Metaspace       used 56886K, capacity 58916K, committed 59028K, reserved 1099776K
  class space    used 7789K, capacity 8341K, committed 8448K, reserved 1048576K
}

