# JRE version: OpenJDK Runtime Environment (8.0_152-b02) (build 1.8.0_152-release-1024-b02)
# Java VM: OpenJDK 64-Bit Server VM (25.152-b02 mixed mode windows-amd64 compressed oops)
Heap:
 PSYoungGen      total 173568K, used 74374K [0x00000000e0000000, 0x00000000ebd00000, 0x0000000100000000)
  eden space 156672K, 47% used [0x00000000e0000000,0x00000000e48a18f8,0x00000000e9900000)
  from space 16896K, 0% used [0x00000000e9900000,0x00000000e9900000,0x00000000ea980000)
  to   space 15872K, 0% used [0x00000000ea980000,0x00000000ea980000,0x00000000eb900000)
 ParOldGen       total 108032K, used 45609K [0x00000000a0000000, 0x00000000a6980000, 0x00000000e0000000)
  object space 108032K, 42% used [0x00000000a0000000,0x00000000a2c8a528,0x00000000a6980000)
 Metaspace       used 60552K, capacity 62786K, committed 62848K, reserved 1103872K
  class space    used 8250K, capacity 8810K, committed 8832K, reserved 1048576K
GC Heap History (10 events):
Event: 24.060 GC heap before
{Heap before GC invocations=12 (full 2):
 PSYoungGen      total 92672K, used 82944K [0x00000000e0000000, 0x00000000e8b00000, 0x0000000100000000)
  eden space 82944K, 100% used [0x00000000e0000000,0x00000000e5100000,0x00000000e5100000)
  from space 9728K, 0% used [0x00000000e5100000,0x00000000e5100000,0x00000000e5a80000)
  to   space 11776K, 0% used [0x00000000e7f80000,0x00000000e7f80000,0x00000000e8b00000)
 ParOldGen       total 64000K, used 18661K [0x00000000a0000000, 0x00000000a3e80000, 0x00000000e0000000)
  object space 64000K, 29% used [0x00000000a0000000,0x00000000a1239580,0x00000000a3e80000)
 Metaspace       used 39806K, capacity 40546K, committed 40832K, reserved 1085440K
  class space    used 5445K, capacity 5702K, committed 5760K, reserved 1048576K
Event: 24.094 GC heap after
Heap after GC invocations=12 (full 2):
 PSYoungGen      total 124416K, used 8733K [0x00000000e0000000, 0x00000000e8880000, 0x0000000100000000)
  eden space 115200K, 0% used [0x00000000e0000000,0x00000000e0000000,0x00000000e7080000)
  from space 9216K, 94% used [0x00000000e7f80000,0x00000000e8807758,0x00000000e8880000)
  to   space 12288K, 0% used [0x00000000e7080000,0x00000000e7080000,0x00000000e7c80000)
 ParOldGen       total 64000K, used 18669K [0x00000000a0000000, 0x00000000a3e80000, 0x00000000e0000000)
  object space 64000K, 29% used [0x00000000a0000000,0x00000000a123b580,0x00000000a3e80000)
 Metaspace       used 39806K, capacity 40546K, committed 40832K, reserved 1085440K
  class space    used 5445K, capacity 5702K, committed 5760K, reserved 1048576K
}
Event: 29.319 GC heap before
{Heap before GC invocations=13 (full 2):
 PSYoungGen      total 124416K, used 123933K [0x00000000e0000000, 0x00000000e8880000, 0x0000000100000000)
  eden space 115200K, 100% used [0x00000000e0000000,0x00000000e7080000,0x00000000e7080000)
  from space 9216K, 94% used [0x00000000e7f80000,0x00000000e8807758,0x00000000e8880000)
  to   space 12288K, 0% used [0x00000000e7080000,0x00000000e7080000,0x00000000e7c80000)
 ParOldGen       total 64000K, used 18669K [0x00000000a0000000, 0x00000000a3e80000, 0x00000000e0000000)
  object space 64000K, 29% used [0x00000000a0000000,0x00000000a123b580,0x00000000a3e80000)
 Metaspace       used 50475K, capacity 52000K, committed 52224K, reserved 1093632K
  class space    used 6930K, capacity 7318K, committed 7424K, reserved 1048576K
Event: 29.371 GC heap after
Heap after GC invocations=13 (full 2):
 PSYoungGen      total 127488K, used 12265K [0x00000000e0000000, 0x00000000eb900000, 0x0000000100000000)
  eden space 115200K, 0% used [0x00000000e0000000,0x00000000e0000000,0x00000000e7080000)
  from space 12288K, 99% used [0x00000000e7080000,0x00000000e7c7a780,0x00000000e7c80000)
  to   space 15872K, 0% used [0x00000000ea980000,0x00000000ea980000,0x00000000eb900000)
 ParOldGen       total 64000K, used 24067K [0x00000000a0000000, 0x00000000a3e80000, 0x00000000e0000000)
  object space 64000K, 37% used [0x00000000a0000000,0x00000000a1780dd0,0x00000000a3e80000)
 Metaspace       used 50475K, capacity 52000K, committed 52224K, reserved 1093632K
  class space    used 6930K, capacity 7318K, committed 7424K, reserved 1048576K
}
Event: 33.668 GC heap before
{Heap before GC invocations=14 (full 2):
 PSYoungGen      total 127488K, used 127465K [0x00000000e0000000, 0x00000000eb900000, 0x0000000100000000)
  eden space 115200K, 100% used [0x00000000e0000000,0x00000000e7080000,0x00000000e7080000)
  from space 12288K, 99% used [0x00000000e7080000,0x00000000e7c7a780,0x00000000e7c80000)
  to   space 15872K, 0% used [0x00000000ea980000,0x00000000ea980000,0x00000000eb900000)
 ParOldGen       total 64000K, used 24067K [0x00000000a0000000, 0x00000000a3e80000, 0x00000000e0000000)
  object space 64000K, 37% used [0x00000000a0000000,0x00000000a1780dd0,0x00000000a3e80000)
 Metaspace       used 54147K, capacity 55914K, committed 56192K, reserved 1097728K
  class space    used 7484K, capacity 7968K, committed 8064K, reserved 1048576K
Event: 33.792 GC heap after
Heap after GC invocations=14 (full 2):
 PSYoungGen      total 172544K, used 12772K [0x00000000e0000000, 0x00000000ebd00000, 0x0000000100000000)
  eden space 156672K, 0% used [0x00000000e0000000,0x00000000e0000000,0x00000000e9900000)
  from space 15872K, 80% used [0x00000000ea980000,0x00000000eb5f9200,0x00000000eb900000)
  to   space 16896K, 0% used [0x00000000e9900000,0x00000000e9900000,0x00000000ea980000)
 ParOldGen       total 64000K, used 29664K [0x00000000a0000000, 0x00000000a3e80000, 0x00000000e0000000)
  object space 64000K, 46% used [0x00000000a0000000,0x00000000a1cf8088,0x00000000a3e80000)
 Metaspace       used 54147K, capacity 55914K, committed 56192K, reserved 1097728K
  class space    used 7484K, capacity 7968K, committed 8064K, reserved 1048576K
}
Event: 38.387 GC heap before
{Heap before GC invocations=15 (full 2):
 PSYoungGen      total 172544K, used 86108K [0x00000000e0000000, 0x00000000ebd00000, 0x0000000100000000)
  eden space 156672K, 46% used [0x00000000e0000000,0x00000000e479e0b0,0x00000000e9900000)
  from space 15872K, 80% used [0x00000000ea980000,0x00000000eb5f9200,0x00000000eb900000)
  to   space 16896K, 0% used [0x00000000e9900000,0x00000000e9900000,0x00000000ea980000)
 ParOldGen       total 64000K, used 29664K [0x00000000a0000000, 0x00000000a3e80000, 0x00000000e0000000)
  object space 64000K, 46% used [0x00000000a0000000,0x00000000a1cf8088,0x00000000a3e80000)
 Metaspace       used 57012K, capacity 58862K, committed 59028K, reserved 1099776K
  class space    used 7890K, capacity 8356K, committed 8448K, reserved 1048576K
Event: 38.512 GC heap after
Heap after GC invocations=15 (full 2):
 PSYoungGen      total 173568K, used 9693K [0x00000000e0000000, 0x00000000ebd00000, 0x0000000100000000)
  eden space 156672K, 0% used [0x00000000e0000000,0x00000000e0000000,0x00000000e9900000)
  from space 16896K, 57% used [0x00000000e9900000,0x00000000ea277558,0x00000000ea980000)
  to   space 15872K, 0% used [0x00000000ea980000,0x00000000ea980000,0x00000000eb900000)
 ParOldGen       total 64000K, used 40362K [0x00000000a0000000, 0x00000000a3e80000, 0x00000000e0000000)
  object space 64000K, 63% used [0x00000000a0000000,0x00000000a276a958,0x00000000a3e80000)
 Metaspace       used 57012K, capacity 58862K, committed 59028K, reserved 1099776K
  class space    used 7890K, capacity 8356K, committed 8448K, reserved 1048576K
}
Event: 38.512 GC heap before
{Heap before GC invocations=16 (full 3):
 PSYoungGen      total 173568K, used 9693K [0x00000000e0000000, 0x00000000ebd00000, 0x0000000100000000)
  eden space 156672K, 0% used [0x00000000e0000000,0x00000000e0000000,0x00000000e9900000)
  from space 16896K, 57% used [0x00000000e9900000,0x00000000ea277558,0x00000000ea980000)
  to   space 15872K, 0% used [0x00000000ea980000,0x00000000ea980000,0x00000000eb900000)
 ParOldGen       total 64000K, used 40362K [0x00000000a0000000, 0x00000000a3e80000, 0x00000000e0000000)
  object space 64000K, 63% used [0x00000000a0000000,0x00000000a276a958,0x00000000a3e80000)
 Metaspace       used 57012K, capacity 58862K, committed 59028K, reserved 1099776K
  class space    used 7890K, capacity 8356K, committed 8448K, reserved 1048576K
Event: 39.187 GC heap after
Heap after GC invocations=16 (full 3):
 PSYoungGen      total 173568K, used 0K [0x00000000e0000000, 0x00000000ebd00000, 0x0000000100000000)
  eden space 156672K, 0% used [0x00000000e0000000,0x00000000e0000000,0x00000000e9900000)
  from space 16896K, 0% used [0x00000000e9900000,0x00000000e9900000,0x00000000ea980000)
  to   space 15872K, 0% used [0x00000000ea980000,0x00000000ea980000,0x00000000eb900000)
 ParOldGen       total 108032K, used 45609K [0x00000000a0000000, 0x00000000a6980000, 0x00000000e0000000)
  object space 108032K, 42% used [0x00000000a0000000,0x00000000a2c8a528,0x00000000a6980000)
 Metaspace       used 57012K, capacity 58862K, committed 59028K, reserved 1099776K
  class space    used 7890K, capacity 8356K, committed 8448K, reserved 1048576K
}

