# JRE version: OpenJDK Runtime Environment (8.0_152-b02) (build 1.8.0_152-release-1024-b02)
# Java VM: OpenJDK 64-Bit Server VM (25.152-b02 mixed mode windows-amd64 compressed oops)
Heap:
 PSYoungGen      total 57856K, used 16950K [0x00000000e0000000, 0x00000000e5b00000, 0x0000000100000000)
  eden space 48640K, 24% used [0x00000000e0000000,0x00000000e0bc6488,0x00000000e2f80000)
  from space 9216K, 53% used [0x00000000e2f80000,0x00000000e3447480,0x00000000e3880000)
  to   space 8704K, 0% used [0x00000000e5280000,0x00000000e5280000,0x00000000e5b00000)
 ParOldGen       total 48640K, used 8858K [0x00000000a0000000, 0x00000000a2f80000, 0x00000000e0000000)
  object space 48640K, 18% used [0x00000000a0000000,0x00000000a08a6ab0,0x00000000a2f80000)
 Metaspace       used 25668K, capacity 26062K, committed 26368K, reserved 1071104K
  class space    used 3584K, capacity 3735K, committed 3840K, reserved 1048576K
GC Heap History (10 events):
Event: 4.569 GC heap before
{Heap before GC invocations=4 (full 0):
 PSYoungGen      total 28160K, used 28160K [0x00000000e0000000, 0x00000000e1f00000, 0x0000000100000000)
  eden space 24576K, 100% used [0x00000000e0000000,0x00000000e1800000,0x00000000e1800000)
  from space 3584K, 100% used [0x00000000e1800000,0x00000000e1b80000,0x00000000e1b80000)
  to   space 3584K, 0% used [0x00000000e1b80000,0x00000000e1b80000,0x00000000e1f00000)
 ParOldGen       total 64512K, used 2520K [0x00000000a0000000, 0x00000000a3f00000, 0x00000000e0000000)
  object space 64512K, 3% used [0x00000000a0000000,0x00000000a02763c0,0x00000000a3f00000)
 Metaspace       used 14457K, capacity 14806K, committed 14976K, reserved 1062912K
  class space    used 2022K, capacity 2155K, committed 2176K, reserved 1048576K
Event: 4.587 GC heap after
Heap after GC invocations=4 (full 0):
 PSYoungGen      total 28160K, used 3568K [0x00000000e0000000, 0x00000000e3700000, 0x0000000100000000)
  eden space 24576K, 0% used [0x00000000e0000000,0x00000000e0000000,0x00000000e1800000)
  from space 3584K, 99% used [0x00000000e1b80000,0x00000000e1efc010,0x00000000e1f00000)
  to   space 3584K, 0% used [0x00000000e1800000,0x00000000e1800000,0x00000000e1b80000)
 ParOldGen       total 64512K, used 5409K [0x00000000a0000000, 0x00000000a3f00000, 0x00000000e0000000)
  object space 64512K, 8% used [0x00000000a0000000,0x00000000a05485f0,0x00000000a3f00000)
 Metaspace       used 14457K, capacity 14806K, committed 14976K, reserved 1062912K
  class space    used 2022K, capacity 2155K, committed 2176K, reserved 1048576K
}
Event: 5.408 GC heap before
{Heap before GC invocations=5 (full 0):
 PSYoungGen      total 28160K, used 28144K [0x00000000e0000000, 0x00000000e3700000, 0x0000000100000000)
  eden space 24576K, 100% used [0x00000000e0000000,0x00000000e1800000,0x00000000e1800000)
  from space 3584K, 99% used [0x00000000e1b80000,0x00000000e1efc010,0x00000000e1f00000)
  to   space 3584K, 0% used [0x00000000e1800000,0x00000000e1800000,0x00000000e1b80000)
 ParOldGen       total 64512K, used 5409K [0x00000000a0000000, 0x00000000a3f00000, 0x00000000e0000000)
  object space 64512K, 8% used [0x00000000a0000000,0x00000000a05485f0,0x00000000a3f00000)
 Metaspace       used 16759K, capacity 17134K, committed 17408K, reserved 1064960K
  class space    used 2405K, capacity 2543K, committed 2560K, reserved 1048576K
Event: 5.427 GC heap after
Heap after GC invocations=5 (full 0):
 PSYoungGen      total 28160K, used 3568K [0x00000000e0000000, 0x00000000e4100000, 0x0000000100000000)
  eden space 24576K, 0% used [0x00000000e0000000,0x00000000e0000000,0x00000000e1800000)
  from space 3584K, 99% used [0x00000000e1800000,0x00000000e1b7c030,0x00000000e1b80000)
  to   space 8704K, 0% used [0x00000000e3880000,0x00000000e3880000,0x00000000e4100000)
 ParOldGen       total 64512K, used 8353K [0x00000000a0000000, 0x00000000a3f00000, 0x00000000e0000000)
  object space 64512K, 12% used [0x00000000a0000000,0x00000000a0828568,0x00000000a3f00000)
 Metaspace       used 16759K, capacity 17134K, committed 17408K, reserved 1064960K
  class space    used 2405K, capacity 2543K, committed 2560K, reserved 1048576K
}
Event: 7.065 GC heap before
{Heap before GC invocations=6 (full 0):
 PSYoungGen      total 28160K, used 24948K [0x00000000e0000000, 0x00000000e4100000, 0x0000000100000000)
  eden space 24576K, 86% used [0x00000000e0000000,0x00000000e14e0fd0,0x00000000e1800000)
  from space 3584K, 99% used [0x00000000e1800000,0x00000000e1b7c030,0x00000000e1b80000)
  to   space 8704K, 0% used [0x00000000e3880000,0x00000000e3880000,0x00000000e4100000)
 ParOldGen       total 64512K, used 8353K [0x00000000a0000000, 0x00000000a3f00000, 0x00000000e0000000)
  object space 64512K, 12% used [0x00000000a0000000,0x00000000a0828568,0x00000000a3f00000)
 Metaspace       used 20865K, capacity 21232K, committed 21248K, reserved 1067008K
  class space    used 2919K, capacity 3071K, committed 3072K, reserved 1048576K
Event: 7.097 GC heap after
Heap after GC invocations=6 (full 0):
 PSYoungGen      total 57344K, used 7406K [0x00000000e0000000, 0x00000000e4200000, 0x0000000100000000)
  eden space 48640K, 0% used [0x00000000e0000000,0x00000000e0000000,0x00000000e2f80000)
  from space 8704K, 85% used [0x00000000e3880000,0x00000000e3fbbb00,0x00000000e4100000)
  to   space 9216K, 0% used [0x00000000e2f80000,0x00000000e2f80000,0x00000000e3880000)
 ParOldGen       total 64512K, used 8361K [0x00000000a0000000, 0x00000000a3f00000, 0x00000000e0000000)
  object space 64512K, 12% used [0x00000000a0000000,0x00000000a082a568,0x00000000a3f00000)
 Metaspace       used 20865K, capacity 21232K, committed 21248K, reserved 1067008K
  class space    used 2919K, capacity 3071K, committed 3072K, reserved 1048576K
}
Event: 7.097 GC heap before
{Heap before GC invocations=7 (full 1):
 PSYoungGen      total 57344K, used 7406K [0x00000000e0000000, 0x00000000e4200000, 0x0000000100000000)
  eden space 48640K, 0% used [0x00000000e0000000,0x00000000e0000000,0x00000000e2f80000)
  from space 8704K, 85% used [0x00000000e3880000,0x00000000e3fbbb00,0x00000000e4100000)
  to   space 9216K, 0% used [0x00000000e2f80000,0x00000000e2f80000,0x00000000e3880000)
 ParOldGen       total 64512K, used 8361K [0x00000000a0000000, 0x00000000a3f00000, 0x00000000e0000000)
  object space 64512K, 12% used [0x00000000a0000000,0x00000000a082a568,0x00000000a3f00000)
 Metaspace       used 20865K, capacity 21232K, committed 21248K, reserved 1067008K
  class space    used 2919K, capacity 3071K, committed 3072K, reserved 1048576K
Event: 7.187 GC heap after
Heap after GC invocations=7 (full 1):
 PSYoungGen      total 57344K, used 0K [0x00000000e0000000, 0x00000000e4200000, 0x0000000100000000)
  eden space 48640K, 0% used [0x00000000e0000000,0x00000000e0000000,0x00000000e2f80000)
  from space 8704K, 0% used [0x00000000e3880000,0x00000000e3880000,0x00000000e4100000)
  to   space 9216K, 0% used [0x00000000e2f80000,0x00000000e2f80000,0x00000000e3880000)
 ParOldGen       total 48640K, used 8850K [0x00000000a0000000, 0x00000000a2f80000, 0x00000000e0000000)
  object space 48640K, 18% used [0x00000000a0000000,0x00000000a08a4ab0,0x00000000a2f80000)
 Metaspace       used 20865K, capacity 21232K, committed 21248K, reserved 1067008K
  class space    used 2919K, capacity 3071K, committed 3072K, reserved 1048576K
}
Event: 8.969 GC heap before
{Heap before GC invocations=8 (full 1):
 PSYoungGen      total 57344K, used 48640K [0x00000000e0000000, 0x00000000e4200000, 0x0000000100000000)
  eden space 48640K, 100% used [0x00000000e0000000,0x00000000e2f80000,0x00000000e2f80000)
  from space 8704K, 0% used [0x00000000e3880000,0x00000000e3880000,0x00000000e4100000)
  to   space 9216K, 0% used [0x00000000e2f80000,0x00000000e2f80000,0x00000000e3880000)
 ParOldGen       total 48640K, used 8850K [0x00000000a0000000, 0x00000000a2f80000, 0x00000000e0000000)
  object space 48640K, 18% used [0x00000000a0000000,0x00000000a08a4ab0,0x00000000a2f80000)
 Metaspace       used 24898K, capacity 25390K, committed 25728K, reserved 1071104K
  class space    used 3460K, capacity 3624K, committed 3712K, reserved 1048576K
Event: 8.987 GC heap after
Heap after GC invocations=8 (full 1):
 PSYoungGen      total 57856K, used 4893K [0x00000000e0000000, 0x00000000e5b00000, 0x0000000100000000)
  eden space 48640K, 0% used [0x00000000e0000000,0x00000000e0000000,0x00000000e2f80000)
  from space 9216K, 53% used [0x00000000e2f80000,0x00000000e3447480,0x00000000e3880000)
  to   space 8704K, 0% used [0x00000000e5280000,0x00000000e5280000,0x00000000e5b00000)
 ParOldGen       total 48640K, used 8858K [0x00000000a0000000, 0x00000000a2f80000, 0x00000000e0000000)
  object space 48640K, 18% used [0x00000000a0000000,0x00000000a08a6ab0,0x00000000a2f80000)
 Metaspace       used 24898K, capacity 25390K, committed 25728K, reserved 1071104K
  class space    used 3460K, capacity 3624K, committed 3712K, reserved 1048576K
}

