# JRE version: OpenJDK Runtime Environment (8.0_152-b02) (build 1.8.0_152-release-1024-b02)
# Java VM: OpenJDK 64-Bit Server VM (25.152-b02 mixed mode windows-amd64 compressed oops)
Heap:
 PSYoungGen      total 106496K, used 1722K [0x00000000e0000000, 0x00000000e8480000, 0x0000000100000000)
  eden space 94208K, 1% used [0x00000000e0000000,0x00000000e01ae898,0x00000000e5c00000)
  from space 12288K, 0% used [0x00000000e6880000,0x00000000e6880000,0x00000000e7480000)
  to   space 12800K, 0% used [0x00000000e5c00000,0x00000000e5c00000,0x00000000e6880000)
 ParOldGen       total 49152K, used 15710K [0x00000000a0000000, 0x00000000a3000000, 0x00000000e0000000)
  object space 49152K, 31% used [0x00000000a0000000,0x00000000a0f57870,0x00000000a3000000)
 Metaspace       used 34517K, capacity 35348K, committed 35544K, reserved 1079296K
  class space    used 4755K, capacity 5016K, committed 5120K, reserved 1048576K
GC Heap History (10 events):
Event: 25.162 GC heap after
Heap after GC invocations=7 (full 1):
 PSYoungGen      total 57344K, used 0K [0x00000000e0000000, 0x00000000e4200000, 0x0000000100000000)
  eden space 48640K, 0% used [0x00000000e0000000,0x00000000e0000000,0x00000000e2f80000)
  from space 8704K, 0% used [0x00000000e3880000,0x00000000e3880000,0x00000000e4100000)
  to   space 9216K, 0% used [0x00000000e2f80000,0x00000000e2f80000,0x00000000e3880000)
 ParOldGen       total 49152K, used 8710K [0x00000000a0000000, 0x00000000a3000000, 0x00000000e0000000)
  object space 49152K, 17% used [0x00000000a0000000,0x00000000a0881b30,0x00000000a3000000)
 Metaspace       used 20846K, capacity 21232K, committed 21248K, reserved 1067008K
  class space    used 2918K, capacity 3071K, committed 3072K, reserved 1048576K
}
Event: 26.589 GC heap before
{Heap before GC invocations=8 (full 1):
 PSYoungGen      total 57344K, used 48640K [0x00000000e0000000, 0x00000000e4200000, 0x0000000100000000)
  eden space 48640K, 100% used [0x00000000e0000000,0x00000000e2f80000,0x00000000e2f80000)
  from space 8704K, 0% used [0x00000000e3880000,0x00000000e3880000,0x00000000e4100000)
  to   space 9216K, 0% used [0x00000000e2f80000,0x00000000e2f80000,0x00000000e3880000)
 ParOldGen       total 49152K, used 8710K [0x00000000a0000000, 0x00000000a3000000, 0x00000000e0000000)
  object space 49152K, 17% used [0x00000000a0000000,0x00000000a0881b30,0x00000000a3000000)
 Metaspace       used 24888K, capacity 25358K, committed 25728K, reserved 1071104K
  class space    used 3456K, capacity 3592K, committed 3712K, reserved 1048576K
Event: 26.600 GC heap after
Heap after GC invocations=8 (full 1):
 PSYoungGen      total 57856K, used 4944K [0x00000000e0000000, 0x00000000e5880000, 0x0000000100000000)
  eden space 48640K, 0% used [0x00000000e0000000,0x00000000e0000000,0x00000000e2f80000)
  from space 9216K, 53% used [0x00000000e2f80000,0x00000000e3454058,0x00000000e3880000)
  to   space 8704K, 0% used [0x00000000e5000000,0x00000000e5000000,0x00000000e5880000)
 ParOldGen       total 49152K, used 8718K [0x00000000a0000000, 0x00000000a3000000, 0x00000000e0000000)
  object space 49152K, 17% used [0x00000000a0000000,0x00000000a0883b30,0x00000000a3000000)
 Metaspace       used 24888K, capacity 25358K, committed 25728K, reserved 1071104K
  class space    used 3456K, capacity 3592K, committed 3712K, reserved 1048576K
}
Event: 28.704 GC heap before
{Heap before GC invocations=9 (full 1):
 PSYoungGen      total 57856K, used 53584K [0x00000000e0000000, 0x00000000e5880000, 0x0000000100000000)
  eden space 48640K, 100% used [0x00000000e0000000,0x00000000e2f80000,0x00000000e2f80000)
  from space 9216K, 53% used [0x00000000e2f80000,0x00000000e3454058,0x00000000e3880000)
  to   space 8704K, 0% used [0x00000000e5000000,0x00000000e5000000,0x00000000e5880000)
 ParOldGen       total 49152K, used 8718K [0x00000000a0000000, 0x00000000a3000000, 0x00000000e0000000)
  object space 49152K, 17% used [0x00000000a0000000,0x00000000a0883b30,0x00000000a3000000)
 Metaspace       used 28607K, capacity 29218K, committed 29312K, reserved 1075200K
  class space    used 3987K, capacity 4208K, committed 4224K, reserved 1048576K
Event: 28.731 GC heap after
Heap after GC invocations=9 (full 1):
 PSYoungGen      total 80896K, used 7962K [0x00000000e0000000, 0x00000000e5b80000, 0x0000000100000000)
  eden space 72192K, 0% used [0x00000000e0000000,0x00000000e0000000,0x00000000e4680000)
  from space 8704K, 91% used [0x00000000e5000000,0x00000000e57c6978,0x00000000e5880000)
  to   space 9728K, 0% used [0x00000000e4680000,0x00000000e4680000,0x00000000e5000000)
 ParOldGen       total 49152K, used 8726K [0x00000000a0000000, 0x00000000a3000000, 0x00000000e0000000)
  object space 49152K, 17% used [0x00000000a0000000,0x00000000a0885b30,0x00000000a3000000)
 Metaspace       used 28607K, capacity 29218K, committed 29312K, reserved 1075200K
  class space    used 3987K, capacity 4208K, committed 4224K, reserved 1048576K
}
Event: 32.933 GC heap before
{Heap before GC invocations=10 (full 1):
 PSYoungGen      total 80896K, used 80154K [0x00000000e0000000, 0x00000000e5b80000, 0x0000000100000000)
  eden space 72192K, 100% used [0x00000000e0000000,0x00000000e4680000,0x00000000e4680000)
  from space 8704K, 91% used [0x00000000e5000000,0x00000000e57c6978,0x00000000e5880000)
  to   space 9728K, 0% used [0x00000000e4680000,0x00000000e4680000,0x00000000e5000000)
 ParOldGen       total 49152K, used 8726K [0x00000000a0000000, 0x00000000a3000000, 0x00000000e0000000)
  object space 49152K, 17% used [0x00000000a0000000,0x00000000a0885b30,0x00000000a3000000)
 Metaspace       used 34348K, capacity 35112K, committed 35200K, reserved 1079296K
  class space    used 4734K, capacity 4958K, committed 4992K, reserved 1048576K
Event: 32.979 GC heap after
Heap after GC invocations=10 (full 1):
 PSYoungGen      total 81920K, used 9727K [0x00000000e0000000, 0x00000000e7480000, 0x0000000100000000)
  eden space 72192K, 0% used [0x00000000e0000000,0x00000000e0000000,0x00000000e4680000)
  from space 9728K, 99% used [0x00000000e4680000,0x00000000e4fffee8,0x00000000e5000000)
  to   space 12288K, 0% used [0x00000000e6880000,0x00000000e6880000,0x00000000e7480000)
 ParOldGen       total 49152K, used 12260K [0x00000000a0000000, 0x00000000a3000000, 0x00000000e0000000)
  object space 49152K, 24% used [0x00000000a0000000,0x00000000a0bf92e8,0x00000000a3000000)
 Metaspace       used 34348K, capacity 35112K, committed 35200K, reserved 1079296K
  class space    used 4734K, capacity 4958K, committed 4992K, reserved 1048576K
}
Event: 33.055 GC heap before
{Heap before GC invocations=11 (full 1):
 PSYoungGen      total 81920K, used 11051K [0x00000000e0000000, 0x00000000e7480000, 0x0000000100000000)
  eden space 72192K, 1% used [0x00000000e0000000,0x00000000e014ad88,0x00000000e4680000)
  from space 9728K, 99% used [0x00000000e4680000,0x00000000e4fffee8,0x00000000e5000000)
  to   space 12288K, 0% used [0x00000000e6880000,0x00000000e6880000,0x00000000e7480000)
 ParOldGen       total 49152K, used 12260K [0x00000000a0000000, 0x00000000a3000000, 0x00000000e0000000)
  object space 49152K, 24% used [0x00000000a0000000,0x00000000a0bf92e8,0x00000000a3000000)
 Metaspace       used 34509K, capacity 35340K, committed 35416K, reserved 1079296K
  class space    used 4754K, capacity 4992K, committed 4992K, reserved 1048576K
Event: 33.076 GC heap after
Heap after GC invocations=11 (full 1):
 PSYoungGen      total 106496K, used 8948K [0x00000000e0000000, 0x00000000e8480000, 0x0000000100000000)
  eden space 94208K, 0% used [0x00000000e0000000,0x00000000e0000000,0x00000000e5c00000)
  from space 12288K, 72% used [0x00000000e6880000,0x00000000e713d268,0x00000000e7480000)
  to   space 12800K, 0% used [0x00000000e5c00000,0x00000000e5c00000,0x00000000e6880000)
 ParOldGen       total 49152K, used 12260K [0x00000000a0000000, 0x00000000a3000000, 0x00000000e0000000)
  object space 49152K, 24% used [0x00000000a0000000,0x00000000a0bf92e8,0x00000000a3000000)
 Metaspace       used 34509K, capacity 35340K, committed 35416K, reserved 1079296K
  class space    used 4754K, capacity 4992K, committed 4992K, reserved 1048576K
}
Event: 33.076 GC heap before
{Heap before GC invocations=12 (full 2):
 PSYoungGen      total 106496K, used 8948K [0x00000000e0000000, 0x00000000e8480000, 0x0000000100000000)
  eden space 94208K, 0% used [0x00000000e0000000,0x00000000e0000000,0x00000000e5c00000)
  from space 12288K, 72% used [0x00000000e6880000,0x00000000e713d268,0x00000000e7480000)
  to   space 12800K, 0% used [0x00000000e5c00000,0x00000000e5c00000,0x00000000e6880000)
 ParOldGen       total 49152K, used 12260K [0x00000000a0000000, 0x00000000a3000000, 0x00000000e0000000)
  object space 49152K, 24% used [0x00000000a0000000,0x00000000a0bf92e8,0x00000000a3000000)
 Metaspace       used 34509K, capacity 35340K, committed 35416K, reserved 1079296K
  class space    used 4754K, capacity 4992K, committed 4992K, reserved 1048576K

